Arguments: 
  C:\Program Files\nodejs\node.exe C:\Users\bimap\AppData\Roaming\npm\node_modules\yarn\bin\yarn.js add crpto-js

PATH: 
  C:\Users\bimap\bin;C:\Program Files\Git\mingw64\bin;C:\Program Files\Git\usr\local\bin;C:\Program Files\Git\usr\bin;C:\Program Files\Git\usr\bin;C:\Program Files\Git\mingw64\bin;C:\Program Files\Git\usr\bin;C:\Users\bimap\bin;C:\Program Files\Common Files\Oracle\Java\javapath;C:\Program Files (x86)\Common Files\Oracle\Java\javapath;C:\Program Files (x86)\Common Files\Intel\Shared Libraries\redist\intel64\compiler;C:\ProgramData\Oracle\Java\javapath;C:\WINDOWS\system32;C:\WINDOWS;C:\WINDOWS\System32\Wbem;C:\WINDOWS\System32\WindowsPowerShell\v1.0;C:\WINDOWS\System32\OpenSSH;C:\Program Files\Git\cmd;C:\Program Files\Java\jdk-19\bin;C:\Program Files\dotnet;C:\MinGW\bin;C:\Users\bimap\AppData\Roaming\nvm;C:\Program Files\nodejs;C:\xampp\mysql\bin;C:\Program Files\MongoDB\Server\7.0\bin;C:\Users\bimap\AppData\Local\Programs\Python\Python310\Scripts;C:\Users\bimap\AppData\Local\Programs\Python\Python310;C:\Users\bimap\AppData\Local\Microsoft\WindowsApps;C:\Users\bimap\AppData\Local\Programs\Microsoft VS Code\bin;C:\Users\bimap\AppData\Local\GitHubDesktop\bin;C:\Users\bimap\AppData\Roaming\npm;C:\Users\bimap\AppData\Roaming\nvm;C:\Program Files\nodejs;C:\Users\bimap\AppData\Local\Programs\mongosh;C:\Program Files\Git\usr\bin\vendor_perl;C:\Program Files\Git\usr\bin\core_perl

Yarn version: 
  1.22.19

Node version: 
  20.11.1

Platform: 
  win32 x64

Trace: 
  Error: https://registry.yarnpkg.com/crpto-js: Not found
      at params.callback [as _callback] (C:\Users\bimap\AppData\Roaming\npm\node_modules\yarn\lib\cli.js:66145:18)
      at self.callback (C:\Users\bimap\AppData\Roaming\npm\node_modules\yarn\lib\cli.js:140890:22)
      at Request.emit (node:events:518:28)
      at Request.<anonymous> (C:\Users\bimap\AppData\Roaming\npm\node_modules\yarn\lib\cli.js:141862:10)
      at Request.emit (node:events:518:28)
      at IncomingMessage.<anonymous> (C:\Users\bimap\AppData\Roaming\npm\node_modules\yarn\lib\cli.js:141784:12)
      at Object.onceWrapper (node:events:632:28)
      at IncomingMessage.emit (node:events:530:35)
      at endReadableNT (node:internal/streams/readable:1696:12)
      at process.processTicksAndRejections (node:internal/process/task_queues:82:21)

npm manifest: 
  {
    "dependencies": {
      "mongoose-unique-validator": "^5.0.0"
    }
  }

yarn manifest: 
  No manifest

Lockfile: 
  # THIS IS AN AUTOGENERATED FILE. DO NOT EDIT THIS FILE DIRECTLY.
  # yarn lockfile v1
  
  
  lodash.foreach@^4.1.0:
    version "4.5.0"
    resolved "https://registry.yarnpkg.com/lodash.foreach/-/lodash.foreach-4.5.0.tgz#1a6a35eace401280c7f06dddec35165ab27e3e53"
    integrity sha512-aEXTF4d+m05rVOAUG3z4vZZ4xVexLKZGF0lIxuHZ1Hplpk/3B6Z1+/ICICYRLm7c41Z2xiejbkCkJoTlypoXhQ==
  
  lodash.get@^4.0.2:
    version "4.4.2"
    resolved "https://registry.yarnpkg.com/lodash.get/-/lodash.get-4.4.2.tgz#2d177f652fa31e939b4438d5341499dfa3825e99"
    integrity sha512-z+Uw/vLuy6gQe8cfaFWD7p0wVv8fJl3mbzXh33RS+0oW2wvUqiRXiQ69gLWSLpgB5/6sU+r6BlQR0MBILadqTQ==
  
  lodash.merge@^4.6.2:
    version "4.6.2"
    resolved "https://registry.yarnpkg.com/lodash.merge/-/lodash.merge-4.6.2.tgz#558aa53b43b661e1925a0afdfa36a9a1085fe57a"
    integrity sha512-0KpjqXRVvrYyCsX1swR/XTK0va6VQkQM6MNo7PqW77ByjAhoARA8EfrP1N4+KlKj8YS0ZUCtRT/YUuhyYDujIQ==
  
  mongoose-unique-validator@^5.0.0:
    version "5.0.0"
    resolved "https://registry.yarnpkg.com/mongoose-unique-validator/-/mongoose-unique-validator-5.0.0.tgz#c8ecd32510eedb2ee2dff9fff5f156aea2b478a6"
    integrity sha512-PhJfzP4fww0lhynIXqHU2FuTTqbv8ILL9AqVcz8BB3AlQQirvvqGlhhKn39wURH6u5GssJziN2qALiu//EQiLg==
    dependencies:
      lodash.foreach "^4.1.0"
      lodash.get "^4.0.2"
      lodash.merge "^4.6.2"
